{"/home/nirah/project/apiWithExpress/app.js": {"path":"/home/nirah/project/apiWithExpress/app.js","statementMap":{"0":{"start":{"line":4,"column":12},"end":{"line":4,"column":21}},"1":{"start":{"line":6,"column":0},"end":{"line":6,"column":23}},"2":{"start":{"line":7,"column":0},"end":{"line":7,"column":28}}},"fnMap":{},"branchMap":{},"s":{"0":1,"1":1,"2":1},"f":{},"b":{},"inputSourceMap":null,"_coverageSchema":"1a1c01bbd47fc00a2c39e90264f33305004495a9","hash":"2400806c8811283424d588dd64a7e932fa2f116f"}
,"/home/nirah/project/apiWithExpress/config/database.js": {"path":"/home/nirah/project/apiWithExpress/config/database.js","statementMap":{"0":{"start":{"line":3,"column":17},"end":{"line":3,"column":19}},"1":{"start":{"line":7,"column":59},"end":{"line":7,"column":70}},"2":{"start":{"line":9,"column":11},"end":{"line":15,"column":2}}},"fnMap":{},"branchMap":{},"s":{"0":1,"1":1,"2":1},"f":{},"b":{},"inputSourceMap":null,"_coverageSchema":"1a1c01bbd47fc00a2c39e90264f33305004495a9","hash":"a6a07ac51e60ec0c9465b3c7a8012957d907281b"}
,"/home/nirah/project/apiWithExpress/controllers/videoController.js": {"path":"/home/nirah/project/apiWithExpress/controllers/videoController.js","statementMap":{"0":{"start":{"line":3,"column":18},"end":{"line":10,"column":1}},"1":{"start":{"line":4,"column":2},"end":{"line":9,"column":3}},"2":{"start":{"line":5,"column":19},"end":{"line":5,"column":52}},"3":{"start":{"line":6,"column":4},"end":{"line":6,"column":32}},"4":{"start":{"line":8,"column":4},"end":{"line":8,"column":52}},"5":{"start":{"line":12,"column":19},"end":{"line":20,"column":3}},"6":{"start":{"line":13,"column":4},"end":{"line":19,"column":5}},"7":{"start":{"line":14,"column":21},"end":{"line":14,"column":31}},"8":{"start":{"line":15,"column":20},"end":{"line":15,"column":55}},"9":{"start":{"line":16,"column":6},"end":{"line":16,"column":33}},"10":{"start":{"line":18,"column":6},"end":{"line":18,"column":54}},"11":{"start":{"line":22,"column":22},"end":{"line":30,"column":3}},"12":{"start":{"line":23,"column":4},"end":{"line":29,"column":5}},"13":{"start":{"line":24,"column":47},"end":{"line":24,"column":55}},"14":{"start":{"line":25,"column":6},"end":{"line":25,"column":70}},"15":{"start":{"line":26,"column":6},"end":{"line":26,"column":28}},"16":{"start":{"line":28,"column":6},"end":{"line":28,"column":54}},"17":{"start":{"line":32,"column":22},"end":{"line":41,"column":3}},"18":{"start":{"line":33,"column":4},"end":{"line":40,"column":5}},"19":{"start":{"line":34,"column":21},"end":{"line":34,"column":31}},"20":{"start":{"line":35,"column":47},"end":{"line":35,"column":55}},"21":{"start":{"line":36,"column":6},"end":{"line":36,"column":74}},"22":{"start":{"line":37,"column":6},"end":{"line":37,"column":28}},"23":{"start":{"line":39,"column":6},"end":{"line":39,"column":54}},"24":{"start":{"line":43,"column":22},"end":{"line":51,"column":3}},"25":{"start":{"line":44,"column":4},"end":{"line":50,"column":5}},"26":{"start":{"line":45,"column":21},"end":{"line":45,"column":31}},"27":{"start":{"line":46,"column":6},"end":{"line":46,"column":40}},"28":{"start":{"line":47,"column":6},"end":{"line":47,"column":28}},"29":{"start":{"line":49,"column":6},"end":{"line":49,"column":54}},"30":{"start":{"line":53,"column":24},"end":{"line":59,"column":1}}},"fnMap":{"0":{"name":"(anonymous_0)","decl":{"start":{"line":3,"column":18},"end":{"line":3,"column":19}},"loc":{"start":{"line":3,"column":38},"end":{"line":10,"column":1}},"line":3},"1":{"name":"(anonymous_1)","decl":{"start":{"line":12,"column":19},"end":{"line":12,"column":20}},"loc":{"start":{"line":12,"column":39},"end":{"line":20,"column":3}},"line":12},"2":{"name":"(anonymous_2)","decl":{"start":{"line":22,"column":22},"end":{"line":22,"column":23}},"loc":{"start":{"line":22,"column":42},"end":{"line":30,"column":3}},"line":22},"3":{"name":"(anonymous_3)","decl":{"start":{"line":32,"column":22},"end":{"line":32,"column":23}},"loc":{"start":{"line":32,"column":42},"end":{"line":41,"column":3}},"line":32},"4":{"name":"(anonymous_4)","decl":{"start":{"line":43,"column":22},"end":{"line":43,"column":23}},"loc":{"start":{"line":43,"column":42},"end":{"line":51,"column":3}},"line":43}},"branchMap":{},"s":{"0":1,"1":1,"2":1,"3":1,"4":0,"5":1,"6":0,"7":0,"8":0,"9":0,"10":0,"11":1,"12":1,"13":1,"14":1,"15":1,"16":0,"17":1,"18":1,"19":1,"20":1,"21":1,"22":1,"23":0,"24":1,"25":1,"26":1,"27":1,"28":1,"29":0,"30":1},"f":{"0":1,"1":0,"2":1,"3":1,"4":1},"b":{},"inputSourceMap":null,"_coverageSchema":"1a1c01bbd47fc00a2c39e90264f33305004495a9","hash":"5f397a02693f584e81c5c55431a5f3b656172a6f"}
,"/home/nirah/project/apiWithExpress/models/videoModel.js": {"path":"/home/nirah/project/apiWithExpress/models/videoModel.js","statementMap":{"0":{"start":{"line":3,"column":8},"end":{"line":3,"column":20}},"1":{"start":{"line":4,"column":8},"end":{"line":4,"column":26}},"2":{"start":{"line":5,"column":8},"end":{"line":5,"column":38}},"3":{"start":{"line":6,"column":8},"end":{"line":6,"column":32}}},"fnMap":{"0":{"name":"(anonymous_0)","decl":{"start":{"line":2,"column":4},"end":{"line":2,"column":5}},"loc":{"start":{"line":2,"column":50},"end":{"line":7,"column":5}},"line":2}},"branchMap":{},"s":{"0":14,"1":14,"2":14,"3":14},"f":{"0":14},"b":{},"inputSourceMap":null,"_coverageSchema":"1a1c01bbd47fc00a2c39e90264f33305004495a9","hash":"215615e44949ab5cb4356bccfb93fdab16a47d91"}
,"/home/nirah/project/apiWithExpress/routes/videoRoutes.js": {"path":"/home/nirah/project/apiWithExpress/routes/videoRoutes.js","statementMap":{"0":{"start":{"line":4,"column":15},"end":{"line":4,"column":31}},"1":{"start":{"line":6,"column":0},"end":{"line":6,"column":49}},"2":{"start":{"line":7,"column":0},"end":{"line":7,"column":52}},"3":{"start":{"line":8,"column":0},"end":{"line":8,"column":52}},"4":{"start":{"line":9,"column":0},"end":{"line":9,"column":55}},"5":{"start":{"line":10,"column":0},"end":{"line":10,"column":58}}},"fnMap":{},"branchMap":{},"s":{"0":1,"1":1,"2":1,"3":1,"4":1,"5":1},"f":{},"b":{},"inputSourceMap":null,"_coverageSchema":"1a1c01bbd47fc00a2c39e90264f33305004495a9","hash":"14ccf2653908c2306facfacb3c061a58de03b5bb"}
,"/home/nirah/project/apiWithExpress/services/videoService.js": {"path":"/home/nirah/project/apiWithExpress/services/videoService.js","statementMap":{"0":{"start":{"line":5,"column":21},"end":{"line":12,"column":1}},"1":{"start":{"line":6,"column":2},"end":{"line":11,"column":3}},"2":{"start":{"line":7,"column":19},"end":{"line":7,"column":57}},"3":{"start":{"line":8,"column":4},"end":{"line":8,"column":94}},"4":{"start":{"line":8,"column":34},"end":{"line":8,"column":93}},"5":{"start":{"line":10,"column":4},"end":{"line":10,"column":61}},"6":{"start":{"line":14,"column":23},"end":{"line":21,"column":3}},"7":{"start":{"line":15,"column":4},"end":{"line":20,"column":5}},"8":{"start":{"line":16,"column":21},"end":{"line":16,"column":79}},"9":{"start":{"line":17,"column":6},"end":{"line":17,"column":96}},"10":{"start":{"line":17,"column":36},"end":{"line":17,"column":95}},"11":{"start":{"line":19,"column":6},"end":{"line":19,"column":63}},"12":{"start":{"line":23,"column":22},"end":{"line":31,"column":3}},"13":{"start":{"line":24,"column":4},"end":{"line":30,"column":5}},"14":{"start":{"line":25,"column":22},"end":{"line":25,"column":34}},"15":{"start":{"line":26,"column":47},"end":{"line":26,"column":56}},"16":{"start":{"line":27,"column":6},"end":{"line":27,"column":142}},"17":{"start":{"line":29,"column":6},"end":{"line":29,"column":65}},"18":{"start":{"line":33,"column":22},"end":{"line":40,"column":3}},"19":{"start":{"line":34,"column":4},"end":{"line":39,"column":5}},"20":{"start":{"line":35,"column":47},"end":{"line":35,"column":56}},"21":{"start":{"line":36,"column":6},"end":{"line":36,"column":135}},"22":{"start":{"line":38,"column":6},"end":{"line":38,"column":69}},"23":{"start":{"line":42,"column":22},"end":{"line":48,"column":3}},"24":{"start":{"line":43,"column":4},"end":{"line":47,"column":5}},"25":{"start":{"line":44,"column":6},"end":{"line":44,"column":62}},"26":{"start":{"line":46,"column":6},"end":{"line":46,"column":67}},"27":{"start":{"line":50,"column":23},"end":{"line":56,"column":3}}},"fnMap":{"0":{"name":"(anonymous_0)","decl":{"start":{"line":5,"column":21},"end":{"line":5,"column":22}},"loc":{"start":{"line":5,"column":33},"end":{"line":12,"column":1}},"line":5},"1":{"name":"(anonymous_1)","decl":{"start":{"line":8,"column":27},"end":{"line":8,"column":28}},"loc":{"start":{"line":8,"column":34},"end":{"line":8,"column":93}},"line":8},"2":{"name":"(anonymous_2)","decl":{"start":{"line":14,"column":23},"end":{"line":14,"column":24}},"loc":{"start":{"line":14,"column":37},"end":{"line":21,"column":3}},"line":14},"3":{"name":"(anonymous_3)","decl":{"start":{"line":17,"column":29},"end":{"line":17,"column":30}},"loc":{"start":{"line":17,"column":36},"end":{"line":17,"column":95}},"line":17},"4":{"name":"(anonymous_4)","decl":{"start":{"line":23,"column":22},"end":{"line":23,"column":23}},"loc":{"start":{"line":23,"column":43},"end":{"line":31,"column":3}},"line":23},"5":{"name":"(anonymous_5)","decl":{"start":{"line":33,"column":22},"end":{"line":33,"column":23}},"loc":{"start":{"line":33,"column":47},"end":{"line":40,"column":3}},"line":33},"6":{"name":"(anonymous_6)","decl":{"start":{"line":42,"column":22},"end":{"line":42,"column":23}},"loc":{"start":{"line":42,"column":36},"end":{"line":48,"column":3}},"line":42}},"branchMap":{},"s":{"0":1,"1":1,"2":1,"3":1,"4":14,"5":0,"6":1,"7":0,"8":0,"9":0,"10":0,"11":0,"12":1,"13":1,"14":1,"15":1,"16":1,"17":0,"18":1,"19":1,"20":1,"21":1,"22":0,"23":1,"24":1,"25":1,"26":0,"27":1},"f":{"0":1,"1":14,"2":0,"3":0,"4":1,"5":1,"6":1},"b":{},"inputSourceMap":null,"_coverageSchema":"1a1c01bbd47fc00a2c39e90264f33305004495a9","hash":"91e4032f563256429d555186246daf5499192c2e"}
}
